\BOOKMARK [0][-]{chapter.1}{Introduction}{}% 1
\BOOKMARK [1][-]{section.1.1}{Background}{chapter.1}% 2
\BOOKMARK [2][-]{subsection.1.1.1}{Usability of electric thruster and limitation of life time}{section.1.1}% 3
\BOOKMARK [2][-]{subsection.1.1.2}{Concept of electrodeless plasma thruster}{section.1.1}% 4
\BOOKMARK [2][-]{subsection.1.1.3}{Issue in electromagnetic acceleration by loop coil}{section.1.1}% 5
\BOOKMARK [1][-]{section.1.2}{Objective}{chapter.1}% 6
\BOOKMARK [0][-]{chapter.2}{Numerical methods}{}% 7
\BOOKMARK [1][-]{section.2.1}{Electromagnetic model}{chapter.2}% 8
\BOOKMARK [2][-]{subsection.2.1.1}{Govering equations}{section.2.1}% 9
\BOOKMARK [2][-]{subsection.2.1.2}{Finite Difference Time Domain \(FDTD\) method}{section.2.1}% 10
\BOOKMARK [2][-]{subsection.2.1.3}{Absorbing boundary condition in FDTD method}{section.2.1}% 11
\BOOKMARK [2][-]{subsection.2.1.4}{FDTD method in axisymmetric coordinates}{section.2.1}% 12
\BOOKMARK [2][-]{subsection.2.1.5}{Mur's absorbing boundary condition in axisymmetric coordinates}{section.2.1}% 13
\BOOKMARK [1][-]{section.2.2}{Plasma fluid model}{chapter.2}% 14
\BOOKMARK [2][-]{subsection.2.2.1}{Govering equations}{section.2.2}% 15
\BOOKMARK [2][-]{subsection.2.2.2}{Discretization method}{section.2.2}% 16
\BOOKMARK [2][-]{subsection.2.2.3}{Spatial interpolation method}{section.2.2}% 17
\BOOKMARK [0][-]{chapter.3}{Numerical conditions}{}% 18
\BOOKMARK [0][-]{chapter.4}{Results and Discussion}{}% 19
\BOOKMARK [1][-]{section.4.1}{Lorentz force generation as electromagnetic acceleration}{chapter.4}% 20
\BOOKMARK [2][-]{subsection.4.1.1}{Acceleration by Lorentz force}{section.4.1}% 21
\BOOKMARK [2][-]{subsection.4.1.2}{Plasma density effect}{section.4.1}% 22
\BOOKMARK [2][-]{subsection.4.1.3}{Reversed electromagnetic field}{section.4.1}% 23
\BOOKMARK [1][-]{section.4.2}{Static magnetic field effect on electromagnetic field penetration}{chapter.4}% 24
\BOOKMARK [0][-]{chapter.5}{Conclusion}{}% 25
\BOOKMARK [0][-]{appendix.A}{Verification of axisymmetric FDTD code}{}% 26
\BOOKMARK [0][-]{appendix*.8}{References}{}% 27
\BOOKMARK [0][-]{appendix*.9}{Acknowledgement}{}% 28
