This is e-pTeX, Version 3.14159265-p3.8.1-180226-2.6 (utf8.euc) (TeX Live 2018) (preloaded format=platex 2019.4.15)  23 JAN 2020 06:23
entering extended mode
 \write18 enabled.
 file:line:error style messages enabled.
 %&-line parsing enabled.
**main_yy_v2.tex
(./main_yy_v2.tex
pLaTeX2e <2018-12-01> (based on LaTeX2e <2018-12-01>)
(/usr/local/texlive/2018/texmf-dist/tex/latex/base/book.cls
Document Class: book 2018/09/03 v1.4i Standard LaTeX document class
(/usr/local/texlive/2018/texmf-dist/tex/latex/base/bk12.clo
File: bk12.clo 2018/09/03 v1.4i Standard LaTeX file (size option)
)
\c@part=\count83
\c@chapter=\count84
\c@section=\count85
\c@subsection=\count86
\c@subsubsection=\count87
\c@paragraph=\count88
\c@subparagraph=\count89
\c@figure=\count90
\c@table=\count91
\abovecaptionskip=\skip41
\belowcaptionskip=\skip42
\bibindent=\dimen118
) (/usr/local/texlive/2018/texmf-dist/tex/latex/docmute/docmute.sty
Package: docmute 2012/03/22 v1.4 Input stand-alone documents
) (./setting1.tex (/usr/local/texlive/2018/texmf-dist/tex/latex/amsmath/amsmath.sty
Package: amsmath 2018/12/01 v2.17b AMS math features
\@mathmargin=\skip43

For additional information on amsmath, use the `?' option.
(/usr/local/texlive/2018/texmf-dist/tex/latex/amsmath/amstext.sty
Package: amstext 2000/06/29 v2.01 AMS text
 (/usr/local/texlive/2018/texmf-dist/tex/latex/amsmath/amsgen.sty
File: amsgen.sty 1999/11/30 v2.0 generic functions
\@emptytoks=\toks15
\ex@=\dimen119
)) (/usr/local/texlive/2018/texmf-dist/tex/latex/amsmath/amsbsy.sty
Package: amsbsy 1999/11/29 v1.2d Bold Symbols
\pmbraise@=\dimen120
) (/usr/local/texlive/2018/texmf-dist/tex/latex/amsmath/amsopn.sty
Package: amsopn 2016/03/08 v2.02 operator names
)
\inf@bad=\count92
LaTeX Info: Redefining \frac on input line 223.
\uproot@=\count93
\leftroot@=\count94
LaTeX Info: Redefining \overline on input line 385.
\classnum@=\count95
\DOTSCASE@=\count96
LaTeX Info: Redefining \ldots on input line 482.
LaTeX Info: Redefining \dots on input line 485.
LaTeX Info: Redefining \cdots on input line 606.
\Mathstrutbox@=\box43
\strutbox@=\box44
\big@size=\dimen121
LaTeX Font Info:    Redeclaring font encoding OML on input line 729.
LaTeX Font Info:    Redeclaring font encoding OMS on input line 730.
\macc@depth=\count97
\c@MaxMatrixCols=\count98
\dotsspace@=\muskip10
\c@parentequation=\count99
\dspbrk@lvl=\count100
\tag@help=\toks16
\row@=\count101
\column@=\count102
\maxfields@=\count103
\andhelp@=\toks17
\eqnshift@=\dimen122
\alignsep@=\dimen123
\tagshift@=\dimen124
\tagwidth@=\dimen125
\totwidth@=\dimen126
\lineht@=\dimen127
\@envbody=\toks18
\multlinegap=\skip44
\multlinetaggap=\skip45
\mathdisplay@stack=\toks19
LaTeX Info: Redefining \[ on input line 2844.
LaTeX Info: Redefining \] on input line 2845.
) (/usr/local/texlive/2018/texmf-dist/tex/latex/graphics/graphicx.sty
Package: graphicx 2017/06/01 v1.1a Enhanced LaTeX Graphics (DPC,SPQR)
 (/usr/local/texlive/2018/texmf-dist/tex/latex/graphics/keyval.sty
Package: keyval 2014/10/28 v1.15 key=value parser (DPC)
\KV@toks@=\toks20
) (/usr/local/texlive/2018/texmf-dist/tex/latex/graphics/graphics.sty
Package: graphics 2017/06/25 v1.2c Standard LaTeX Graphics (DPC,SPQR)
 (/usr/local/texlive/2018/texmf-dist/tex/latex/graphics/trig.sty
Package: trig 2016/01/03 v1.10 sin cos tan (DPC)
) (/usr/local/texlive/2018/texmf-dist/tex/latex/graphics-cfg/graphics.cfg
File: graphics.cfg 2016/06/04 v1.11 sample graphics configuration
)
Package graphics Info: Driver file: dvipdfmx.def on input line 99.
 (/usr/local/texlive/2018/texmf-dist/tex/latex/graphics-def/dvipdfmx.def
File: dvipdfmx.def 2017/06/24 v5.0g Graphics/color driver for dvipdfmx
))
\Gin@req@height=\dimen128
\Gin@req@width=\dimen129
) (/usr/local/texlive/2018/texmf-dist/tex/latex/graphics/color.sty
Package: color 2016/07/10 v1.1e Standard LaTeX Color (DPC)
 (/usr/local/texlive/2018/texmf-dist/tex/latex/graphics-cfg/color.cfg
File: color.cfg 2016/01/02 v1.6 sample color configuration
)
Package color Info: Driver file: dvipdfmx.def on input line 147.
 (/usr/local/texlive/2018/texmf-dist/tex/latex/graphics/dvipsnam.def
File: dvipsnam.def 2016/06/17 v3.0m Driver-dependent file (DPC,SPQR)
)) (/usr/local/texlive/2018/texmf-dist/tex/latex/amsfonts/amssymb.sty
Package: amssymb 2013/01/14 v3.01 AMS font symbols
 (/usr/local/texlive/2018/texmf-dist/tex/latex/amsfonts/amsfonts.sty
Package: amsfonts 2013/01/14 v3.01 Basic AMSFonts support
\symAMSa=\mathgroup4
\symAMSb=\mathgroup5
LaTeX Font Info:    Overwriting math alphabet `\mathfrak' in version `bold'
(Font)                  U/euf/m/n --> U/euf/b/n on input line 106.
)) (/usr/local/texlive/2018/texmf-dist/tex/latex/tools/array.sty
Package: array 2018/12/30 v2.4k Tabular extension package (FMi)
\col@sep=\dimen130
\ar@mcellbox=\box45
\extrarowheight=\dimen131
\NC@list=\toks21
\extratabsurround=\skip46
\backup@length=\skip47
\ar@cellbox=\box46
) (/usr/local/texlive/2018/texmf-dist/tex/latex/tools/enumerate.sty
Package: enumerate 2015/07/23 v3.00 enumerate extensions (DPC)
\@enLab=\toks22
) (/usr/local/texlive/2018/texmf-dist/tex/latex/tools/longtable.sty
Package: longtable 2014/10/28 v4.11 Multi-page Table package (DPC)+ FMi change
\LTleft=\skip48
\LTright=\skip49
\LTpre=\skip50
\LTpost=\skip51
\LTchunksize=\count104
\LTcapwidth=\dimen132
\LT@head=\box47
\LT@firsthead=\box48
\LT@foot=\box49
\LT@lastfoot=\box50
\LT@cols=\count105
\LT@rows=\count106
\c@LT@tables=\count107
\c@LT@chunks=\count108
\LT@p@ftn=\toks23
) (/usr/local/texlive/2018/texmf-dist/tex/latex/float/float.sty
Package: float 2001/11/08 v1.3d Float enhancements (AL)
\c@float@type=\count109
\float@exts=\toks24
\float@box=\box51
\@float@everytoks=\toks25
\@floatcapt=\box52
) (./mediabb.sty
Package: mediabb 2013/03/12 v1.10 iNOUE Koich! <inoue@ma.ns.tcu.ac.jp>
) (./here.sty) (./subfigure.sty
Package: subfigure 2002/03/15 v2.1.5 subfigure package
\subfigtopskip=\skip52
\subfigcapskip=\skip53
\subfigcaptopadj=\dimen133
\subfigbottomskip=\skip54
\subfigcapmargin=\dimen134
\subfiglabelskip=\skip55
\c@subfigure=\count110
\c@lofdepth=\count111
\c@subtable=\count112
\c@lotdepth=\count113

****************************************
* Local config file subfigure.cfg used *
****************************************
(./subfigure.cfg)
\subfig@top=\skip56
\subfig@bottom=\skip57
) (/usr/local/texlive/2018/texmf-dist/tex/latex/setspace/setspace.sty
Package: setspace 2011/12/19 v6.7a set line spacing
) (/usr/local/texlive/2018/texmf-dist/tex/latex/cite/cite.sty
LaTeX Info: Redefining \cite on input line 302.
LaTeX Info: Redefining \nocite on input line 332.
Package: cite 2015/02/27  v 5.5
) (/usr/local/texlive/2018/texmf-dist/tex/latex/graphics/lscape.sty
Package: lscape 2000/10/22 v3.01 Landscape Pages (DPC)
) (/usr/local/texlive/2018/texmf-dist/tex/latex/psnfss/helvet.sty
Package: helvet 2005/04/12 PSNFSS-v9.2a (WaS) 
) (./jsplusmr.sty) (./mrsty2.sty)) (/Users/yamakawayudai/Library/Mobile Documents/com~apple~CloudDocs/From_mac_mini/master_thesis/master_thesis/yy_E_v1/.texpadtmp/main_yy_v2.aux (/Users/yamakawayudai/Library/Mobile Documents/com~apple~CloudDocs/From_mac_mini/master_thesis/master_thesis/yy_E_v1/.texpadtmp/intro.aux

LaTeX Warning: Label `electrodeless' multiply defined.

) (/Users/yamakawayudai/Library/Mobile Documents/com~apple~CloudDocs/From_mac_mini/master_thesis/master_thesis/yy_E_v1/.texpadtmp/method.aux) (/Users/yamakawayudai/Library/Mobile Documents/com~apple~CloudDocs/From_mac_mini/master_thesis/master_thesis/yy_E_v1/.texpadtmp/setup.aux) (/Users/yamakawayudai/Library/Mobile Documents/com~apple~CloudDocs/From_mac_mini/master_thesis/master_thesis/yy_E_v1/.texpadtmp/result1.aux) (/Users/yamakawayudai/Library/Mobile Documents/com~apple~CloudDocs/From_mac_mini/master_thesis/master_thesis/yy_E_v1/.texpadtmp/conclusion.aux))
\openout1 = `main_yy_v2.aux'.

LaTeX Font Info:    Checking defaults for OML/cmm/m/it on input line 87.
LaTeX Font Info:    ... okay on input line 87.
LaTeX Font Info:    Checking defaults for T1/cmr/m/n on input line 87.
LaTeX Font Info:    ... okay on input line 87.
LaTeX Font Info:    Checking defaults for OT1/cmr/m/n on input line 87.
LaTeX Font Info:    ... okay on input line 87.
LaTeX Font Info:    Checking defaults for OMS/cmsy/m/n on input line 87.
LaTeX Font Info:    ... okay on input line 87.
LaTeX Font Info:    Checking defaults for OMX/cmex/m/n on input line 87.
LaTeX Font Info:    ... okay on input line 87.
LaTeX Font Info:    Checking defaults for U/cmr/m/n on input line 87.
LaTeX Font Info:    ... okay on input line 87.
LaTeX Font Info:    Checking defaults for JY1/mc/m/n on input line 87.
LaTeX Font Info:    ... okay on input line 87.
LaTeX Font Info:    Checking defaults for JT1/mc/m/n on input line 87.
LaTeX Font Info:    ... okay on input line 87.
\docmute@nestinglevel=\count114


LaTeX Font Warning: Font shape `OT1/cmr/m/n' in size <24> not available
(Font)              size <24.88> substituted on input line 101.

LaTeX Font Info:    Font shape `JT1/mc/bx/n' in size <24> not available
(Font)              Font shape `JT1/gt/m/n' tried instead on input line 101.
LaTeX Font Info:    Font shape `JY1/mc/bx/n' in size <24> not available
(Font)              Font shape `JY1/gt/m/n' tried instead on input line 101.

LaTeX Font Warning: Font shape `OT1/cmr/bx/n' in size <24> not available
(Font)              size <24.88> substituted on input line 101.

LaTeX Font Info:    Try loading font information for U+msa on input line 101.
(/usr/local/texlive/2018/texmf-dist/tex/latex/amsfonts/umsa.fd
File: umsa.fd 2013/01/14 v3.01 AMS symbols A
)
LaTeX Font Info:    Try loading font information for U+msb on input line 101.
 (/usr/local/texlive/2018/texmf-dist/tex/latex/amsfonts/umsb.fd
File: umsb.fd 2013/01/14 v3.01 AMS symbols B
) [1



] [2]
LaTeX Font Info:    Font shape `JT1/mc/bx/n' in size <24.88> not available
(Font)              Font shape `JT1/gt/m/n' tried instead on input line 128.
LaTeX Font Info:    Font shape `JY1/mc/bx/n' in size <24.88> not available
(Font)              Font shape `JY1/gt/m/n' tried instead on input line 128.
 (/Users/yamakawayudai/Library/Mobile Documents/com~apple~CloudDocs/From_mac_mini/master_thesis/master_thesis/yy_E_v1/.texpadtmp/main_yy_v2.toc
LaTeX Font Info:    Font shape `JT1/mc/bx/n' in size <12> not available
(Font)              Font shape `JT1/gt/m/n' tried instead on input line 1.
LaTeX Font Info:    Font shape `JY1/mc/bx/n' in size <12> not available
(Font)              Font shape `JY1/gt/m/n' tried instead on input line 1.
)
\tf@toc=\write3
\openout3 = `main_yy_v2.toc'.

 [3

] [4

]
\openout2 = `intro.aux'.

 (./intro.tex
Chapter 1.
LaTeX Font Info:    Font shape `JT1/mc/bx/n' in size <17.28> not available
(Font)              Font shape `JT1/gt/m/n' tried instead on input line 32.
LaTeX Font Info:    Font shape `JY1/mc/bx/n' in size <17.28> not available
(Font)              Font shape `JY1/gt/m/n' tried instead on input line 32.
LaTeX Font Info:    Font shape `JT1/mc/bx/n' in size <14.4> not available
(Font)              Font shape `JT1/gt/m/n' tried instead on input line 38.
LaTeX Font Info:    Font shape `JY1/mc/bx/n' in size <14.4> not available
(Font)              Font shape `JY1/gt/m/n' tried instead on input line 38.

LaTeX Warning: Citation `howmany' on page 1 undefined on input line 47.

[1


]
File: Fig/zu_electric_thruster.eps Graphic file (type eps)
<Fig/zu_electric_thruster.eps>
File: Fig/zu_thrust-SI.eps Graphic file (type eps)
<Fig/zu_thrust-SI.eps>
File: Fig/zu_ionthruster.eps Graphic file (type eps)
<Fig/zu_ionthruster.eps>
File: Fig/zu_photo_erosion.eps Graphic file (type eps)
<Fig/zu_photo_erosion.eps>


LaTeX Warning: Citation `arakawa' on page 2 undefined on input line 133.


LaTeX Warning: Citation `arakawa' on page 2 undefined on input line 133.

[2] [3] [4]
File: Fig/zu_electrodeless.eps Graphic file (type eps)
<Fig/zu_electrodeless.eps>
File: Fig/zu_electrodeless_coil.eps Graphic file (type eps)
<Fig/zu_electrodeless_coil.eps>


LaTeX Warning: `!h' float specifier changed to `!ht'.


Overfull \hbox (14.72145pt too wide) in paragraph at lines 206--206
[]\OT1/cmr/bx/n/14.4 Complexity of ac-cel-er-a-tion mech-a-nism in ac-tual thruster 
 []


LaTeX Warning: Citation `yasu' on page 5 undefined on input line 225.

[5]
Underfull \vbox (badness 10000) has occurred while \output is active []

 [6]
File: Fig/zu_zikken_yasu.eps Graphic file (type eps)
<Fig/zu_zikken_yasu.eps>


LaTeX Warning: Citation `yasu' on page 7 undefined on input line 264.


LaTeX Warning: Citation `yasu' on page 7 undefined on input line 264.

[7] [8]) [9]
\openout2 = `method.aux'.

 (./method.tex
Chapter 2.

Underfull \vbox (badness 10000) has occurred while \output is active []

 [10



]
File: Fig/zu_3DfdtdC.eps Graphic file (type eps)
<Fig/zu_3DfdtdC.eps>
File: Fig/zu_fdtd_time.eps Graphic file (type eps)
<Fig/zu_fdtd_time.eps>

Underfull \vbox (badness 10000) has occurred while \output is active []

 [11]
Underfull \vbox (badness 10000) has occurred while \output is active []

 [12]
Overfull \hbox (26.33725pt too wide) in paragraph at lines 272--300
\OT1/cmr/m/n/12 In a sim-i-lar way, be-cause the elec-tric field is de-fined at $\OML/cmm/m/it/12 t \OT1/cmr/m/n/12 = [] ^^A\OML/cmm/m/it/12 t;  []n\OT1/cmr/m/n/12 ^^A\OML/cmm/m/it/12 t;  [] [] \OT1/cmr/m/n/12 ^^A\OML/cmm/m/it/12 t;  []:::$
 []

[13]
Underfull \vbox (badness 10000) has occurred while \output is active []

 [14]
File: Fig/zu_TMandTE.eps Graphic file (type eps)
<Fig/zu_TMandTE.eps>
 [15] [16]
Underfull \vbox (badness 10000) has occurred while \output is active []

 [17]
File: Fig/zu_1DMur.eps Graphic file (type eps)
<Fig/zu_1DMur.eps>


LaTeX Warning: `!h' float specifier changed to `!ht'.


Underfull \vbox (badness 10000) has occurred while \output is active []

 [18]
Overfull \hbox (28.30685pt too wide) in paragraph at lines 844--857
\OT1/cmr/m/n/12 Eqs. (2.33)--(2.35) are cal-cu-lated by the ax-isym-met-ric TE-FDTD method, and Eqs. (2.36)--
 []

File: Fig/zu_defined_axisymfdtd.eps Graphic file (type eps)
<Fig/zu_defined_axisymfdtd.eps>
[19] [20]
Underfull \vbox (badness 10000) has occurred while \output is active []

 [21] [22]
Underfull \vbox (badness 10000) has occurred while \output is active []

 [23]
Underfull \vbox (badness 10000) has occurred while \output is active []

 [24]
File: Fig/zu_definedfluid.eps Graphic file (type eps)
<Fig/zu_definedfluid.eps>
 [25] [26]
Underfull \vbox (badness 10000) has occurred while \output is active []

 [27]) [28]
\openout2 = `setup.aux'.

 (./setup.tex
Chapter 3.

Underfull \vbox (badness 10000) has occurred while \output is active []

 [29



]
File: Fig/zu_calcdomain.eps Graphic file (type eps)
<Fig/zu_calcdomain.eps>
File: Fig/zu_Bmnr.eps Graphic file (type eps)
<Fig/zu_Bmnr.eps>
File: Fig/zu_domain_EM-F.eps Graphic file (type eps)
<Fig/zu_domain_EM-F.eps>
) [30] [31]
\openout2 = `result1.aux'.

 (./result1.tex
Chapter 4.
[32



]
File: Fig/zu_viz.eps Graphic file (type eps)
<Fig/zu_viz.eps>
 [33]
Underfull \vbox (badness 10000) has occurred while \output is active []

 [34] [35]
File: Fig/timehis1.eps Graphic file (type eps)
<Fig/timehis1.eps>
File: Fig/zu_Hz_w-wo-FL.eps Graphic file (type eps)
<Fig/zu_Hz_w-wo-FL.eps>
 [36] [37]
File: Fig/zu_Eth_w_1017_18_19_v2.eps Graphic file (type eps)
<Fig/zu_Eth_w_1017_18_19_v2.eps>
 [38]
File: Fig/zu_H_vec_v2.eps Graphic file (type eps)
<Fig/zu_H_vec_v2.eps>
File: Fig/zu_H_by_jth_v2.eps Graphic file (type eps)
<Fig/zu_H_by_jth_v2.eps>
File: Fig/zu_schematic_of_mechanism_RMF.eps Graphic file (type eps)
<Fig/zu_schematic_of_mechanism_RMF.eps>

Underfull \vbox (badness 10000) has occurred while \output is active []

 [39] [40]
File: Fig/zu_3Hvec.eps Graphic file (type eps)
<Fig/zu_3Hvec.eps>
File: Fig/zu_3veth.eps Graphic file (type eps)
<Fig/zu_3veth.eps>

Overfull \hbox (6.82866pt too wide) in paragraph at lines 432--433
 [][] 
 []

) [41] [42] [43]
\openout2 = `conclusion.aux'.

 (./conclusion.tex
Chapter 5.
) [44



] (/Users/yamakawayudai/Library/Mobile Documents/com~apple~CloudDocs/From_mac_mini/master_thesis/master_thesis/yy_E_v1/.texpadtmp/main_yy_v2.aux (/Users/yamakawayudai/Library/Mobile Documents/com~apple~CloudDocs/From_mac_mini/master_thesis/master_thesis/yy_E_v1/.texpadtmp/intro.aux) (/Users/yamakawayudai/Library/Mobile Documents/com~apple~CloudDocs/From_mac_mini/master_thesis/master_thesis/yy_E_v1/.texpadtmp/method.aux) (/Users/yamakawayudai/Library/Mobile Documents/com~apple~CloudDocs/From_mac_mini/master_thesis/master_thesis/yy_E_v1/.texpadtmp/setup.aux) (/Users/yamakawayudai/Library/Mobile Documents/com~apple~CloudDocs/From_mac_mini/master_thesis/master_thesis/yy_E_v1/.texpadtmp/result1.aux) (/Users/yamakawayudai/Library/Mobile Documents/com~apple~CloudDocs/From_mac_mini/master_thesis/master_thesis/yy_E_v1/.texpadtmp/conclusion.aux))

LaTeX Font Warning: Size substitutions with differences
(Font)              up to 0.88pt have occurred.


LaTeX Warning: There were undefined references.


LaTeX Warning: There were multiply-defined labels.

 ) 
Here is how much of TeX's memory you used:
 2504 strings out of 493226
 35561 string characters out of 6144095
 105708 words of memory out of 5000000
 6361 multiletter control sequences out of 15000+600000
 23693 words of font info for 93 fonts, out of 8000000 for 9000
 929 hyphenation exceptions out of 8191
 29i,12n,27p,415b,310s stack positions out of 5000i,500n,10000p,200000b,80000s

Output written on "/Users/yamakawayudai/Library/Mobile Documents/com~apple~CloudDocs/From_mac_mini/master_thesis/master_thesis/yy_E_v1/.texpadtmp/main_yy_v2.dvi" (48 pages, 95208 bytes).
